<?xml version="1.0" encoding="UTF-8"?>
<beans xmlns="http://www.springframework.org/schema/beans"
    xmlns:xsi="http://www.w3.org/2001/XMLSchema-instance"
    xmlns:context="http://www.springframework.org/schema/context"
    xsi:schemaLocation="http://www.springframework.org/schema/beans http://www.springframework.org/schema/beans/spring-beans-4.3.xsd
        http://www.springframework.org/schema/context http://www.springframework.org/schema/context/spring-context-4.3.xsd">
        
    <!-- properties file 정보 -->    
    <context:property-placeholder 
        location="classpath:config/junit.properties"  />
           
    <!-- ConsolPrinter 클래스를 bean으로 등록 -->
    <bean id="ConsolePrinter" class="com.bit.web.tests.ConsolePrinter" />    
   
    <!-- Hello 클래스를 bean으로 등록 두번째방법 -->
    <!-- <bean id="helloC" class="devjjo.junit.dto.before.Hello" >
        constructor injection 설정
        <constructor-arg index="0" value="${name}"/>
        <constructor-arg index="1" ref="consolePrinter"/>
        <property name="names">
            <list>
                <value>${value1}</value>
                <value>${value2}</value>
                <value>${value3}</value>
            </list>
        </property> 
 
    </bean> -->
    
</beans>